<?xml version="1.0" encoding="UTF-8"?>
<!-- Generated by org.testng.reporters.JUnitReportReporter -->
<testsuite skipped="0" hostname="D9LMYM2" name="com.Astute.AstuteKnowledge.Tests.TopicsTest" tests="1" failures="0" timestamp="26 Aug 2018 15:06:27 GMT" time="20.079" errors="0">
  <testcase name="createTopic" time="20.079" classname="com.Astute.AstuteKnowledge.Tests.TopicsTest"/>
</testsuite> <!-- com.Astute.AstuteKnowledge.Tests.TopicsTest -->
