<?xml version="1.0" encoding="UTF-8"?>
<!-- Generated by org.testng.reporters.JUnitReportReporter -->
<testsuite skipped="0" hostname="D9LMYM2" name="com.Astute.AstuteKnowledge.Utility.SuitBase" tests="1" failures="0" timestamp="12 Apr 2018 14:40:18 GMT" time="2.944" errors="0">
  <testcase name="loadURL" time="2.944" classname="com.Astute.AstuteKnowledge.Utility.SuitBase"/>
</testsuite> <!-- com.Astute.AstuteKnowledge.Utility.SuitBase -->
